Arguments: 
  C:\Program Files\nodejs\node.exe C:\Users\Yanisvel\AppData\Roaming\npm\node_modules\@sanity\cli\vendor\yarn install --json --non-interactive --ignore-engines --network-timeout 60000 --registry https://registry.npmjs.org

PATH: 
  C:\Users\Yanisvel\AppData\Roaming\npm\node_modules\vendor;C:\Program Files (x86)\Intel\TXE Components\TCS\;C:\Program Files\Intel\TXE Components\TCS\;C:\Windows\system32;C:\Windows;C:\Windows\System32\Wbem;C:\Windows\System32\WindowsPowerShell\v1.0\;C:\Program Files\Intel\TXE Components\DAL\;C:\Program Files (x86)\Intel\TXE Components\DAL\;C:\Program Files\Intel\TXE Components\IPT\;C:\Program Files (x86)\Intel\TXE Components\IPT\;C:\Program Files (x86)\Common Files\Acronis\SnapAPI\;C:\Program Files\nodejs\;C:\Users\Yanisvel\AppData\Local\Programs\Python\Python39-32\Scripts\;C:\Users\Yanisvel\AppData\Local\Programs\Python\Python39-32\;C:\Users\Yanisvel\AppData\Local\Programs\Microsoft VS Code\bin;C:\Users\Yanisvel\AppData\Roaming\npm

Yarn version: 
  1.22.17

Node version: 
  18.7.0

Platform: 
  win32 x64

Trace: 
  Error: getaddrinfo ENOTFOUND registry.npmjs.org
      at GetAddrInfoReqWrap.onlookup [as oncomplete] (node:dns:111:26)

npm manifest: 
  {
    "name": "next-workspace",
    "version": "0.1.0",
    "private": true,
    "scripts": {
      "dev": "next dev",
      "build": "next build",
      "start": "next start",
      "lint": "next lint"
    },
    "dependencies": {
      "next": "12.3.1",
      "react": "18.2.0",
      "react-dom": "18.2.0"
    },
    "devDependencies": {
      "eslint": "8.24.0",
      "eslint-config-next": "12.3.1"
    }
  }

yarn manifest: 
  No manifest

Lockfile: 
  No lockfile
